<?xml version="1.0" encoding="UTF-8"?>
<!-- Generated by org.testng.reporters.JUnitReportReporter -->
<testsuite skipped="0" hostname="LAPTOP-7AR2TC63" name="Integrationwithjenkins" tests="1" failures="0" timestamp="18 Apr 2017 13:57:43 GMT" time="10.524" errors="0">
  <testcase name="test1" time="10.524" classname="Integrationwithjenkins"/>
</testsuite> <!-- Integrationwithjenkins -->
