<?xml version="1.0" encoding="UTF-8"?>
<!-- Generated by org.testng.reporters.JUnitReportReporter -->
<testsuite hostname="LAPTOP-7AR2TC63" name="CrossBrowsers.Verifytitle" tests="2" failures="0" timestamp="19 Apr 2017 09:39:38 GMT" time="27.813" errors="0">
  <testcase name="verifypagetitle" time="12.808" classname="CrossBrowsers.Verifytitle"/>
  <testcase name="verifypagetitle" time="15.005" classname="CrossBrowsers.Verifytitle"/>
</testsuite> <!-- CrossBrowsers.Verifytitle -->
