<?xml version="1.0" encoding="UTF-8"?>
<!-- Generated by org.testng.reporters.JUnitReportReporter -->
<testsuite hostname="LAPTOP-7AR2TC63" name="CrossBrowsers.Calculator" tests="2" failures="0" timestamp="21 Jul 2017 06:46:40 GMT" time="10.120" errors="0">
  <testcase name="calculatePercent" time="5.986" classname="CrossBrowsers.Calculator"/>
  <testcase name="calculatePercent" time="4.134" classname="CrossBrowsers.Calculator"/>
</testsuite> <!-- CrossBrowsers.Calculator -->
